<?xml version="1.0" encoding="UTF-8"?>
<robot generator="Robot 6.1.1 (Python 3.12.0 on win32)" generated="20231010 15:52:25.469" rpa="false" schemaversion="4">
<suite id="s1" name="Preenchimentoincorreto" source="d:\Curso-Robot\testes\preenchimentoincorreto.robot">
<test id="s1-t1" name="Verificar se quando um campo obrigatório não for preenchido corretamente o sistema exibe uma mensagem de campo obrigatório" line="10">
<kw name="Dado que eu acesse o organo" library="setup_teardown" type="SETUP">
<kw name="Open Browser" library="SeleniumLibrary">
<arg>url=http://localhost:3000/</arg>
<arg>browser=Chrome</arg>
<doc>Opens a new browser instance to the optional ``url``.</doc>
<msg timestamp="20231010 15:52:26.199" level="INFO">Opening browser 'Chrome' to base url 'http://localhost:3000/'.</msg>
<status status="PASS" starttime="20231010 15:52:26.198" endtime="20231010 15:52:28.397"/>
</kw>
<status status="PASS" starttime="20231010 15:52:26.197" endtime="20231010 15:52:28.397"/>
</kw>
<kw name="Dado que eu click no botão criar card" library="cadastro">
<kw name="Click Element" library="SeleniumLibrary">
<arg>${BOTAO_CARD}</arg>
<doc>Click the element identified by ``locator``.</doc>
<msg timestamp="20231010 15:52:28.402" level="INFO">Clicking element 'id:form-botao'.</msg>
<status status="PASS" starttime="20231010 15:52:28.401" endtime="20231010 15:52:28.506"/>
</kw>
<status status="PASS" starttime="20231010 15:52:28.400" endtime="20231010 15:52:28.506"/>
</kw>
<kw name="Então sistema deve apresentar mensagem de campo obrigatório" library="cadastro">
<kw name="Element Should Be Visible" library="SeleniumLibrary">
<arg>id:form-nome-erro</arg>
<doc>Verifies that the element identified by ``locator`` is visible.</doc>
<msg timestamp="20231010 15:52:28.611" level="INFO">Element 'id:form-nome-erro' is displayed.</msg>
<status status="PASS" starttime="20231010 15:52:28.508" endtime="20231010 15:52:28.612"/>
</kw>
<kw name="Element Should Be Visible" library="SeleniumLibrary">
<arg>id:form-cargo-erro</arg>
<doc>Verifies that the element identified by ``locator`` is visible.</doc>
<msg timestamp="20231010 15:52:28.651" level="INFO">Element 'id:form-cargo-erro' is displayed.</msg>
<status status="PASS" starttime="20231010 15:52:28.613" endtime="20231010 15:52:28.651"/>
</kw>
<kw name="Element Should Be Visible" library="SeleniumLibrary">
<arg>id:form-times-erro</arg>
<doc>Verifies that the element identified by ``locator`` is visible.</doc>
<msg timestamp="20231010 15:52:28.683" level="INFO">Element 'id:form-times-erro' is displayed.</msg>
<status status="PASS" starttime="20231010 15:52:28.651" endtime="20231010 15:52:28.684"/>
</kw>
<status status="PASS" starttime="20231010 15:52:28.507" endtime="20231010 15:52:28.684"/>
</kw>
<kw name="Fechar o navegador" library="setup_teardown" type="TEARDOWN">
<kw name="Close Browser" library="SeleniumLibrary">
<doc>Closes the current browser.</doc>
<status status="PASS" starttime="20231010 15:52:28.685" endtime="20231010 15:52:30.856"/>
</kw>
<status status="PASS" starttime="20231010 15:52:28.685" endtime="20231010 15:52:30.856"/>
</kw>
<status status="PASS" starttime="20231010 15:52:26.196" endtime="20231010 15:52:30.857"/>
</test>
<status status="PASS" starttime="20231010 15:52:25.475" endtime="20231010 15:52:30.860"/>
</suite>
<statistics>
<total>
<stat pass="1" fail="0" skip="0">All Tests</stat>
</total>
<tag>
</tag>
<suite>
<stat pass="1" fail="0" skip="0" id="s1" name="Preenchimentoincorreto">Preenchimentoincorreto</stat>
</suite>
</statistics>
<errors>
</errors>
</robot>
